<?xml version="1.0" encoding="UTF-8"?>
<testng-results skipped="0" failed="0" total="4" passed="4">
  <reporter-output>
  </reporter-output>
  <suite name="Default suite" duration-ms="11072" started-at="2016-09-20T10:24:37Z" finished-at="2016-09-20T10:24:48Z">
    <groups>
    </groups>
    <test name="Default test" duration-ms="11072" started-at="2016-09-20T10:24:37Z" finished-at="2016-09-20T10:24:48Z">
      <class name="Testcases.Homepageverification">
        <test-method status="PASS" signature="invokebrowser()[pri:0, instance:Testcases.Homepageverification@19963d8]" name="invokebrowser" duration-ms="7829" started-at="2016-09-20T15:54:37Z" finished-at="2016-09-20T15:54:45Z">
          <reporter-output>
          </reporter-output>
        </test-method> <!-- invokebrowser -->
        <test-method status="PASS" signature="username()[pri:1, instance:Testcases.Homepageverification@19963d8]" name="username" duration-ms="102" started-at="2016-09-20T15:54:45Z" depends-on-methods="Testcases.Homepageverification.invokebrowser" finished-at="2016-09-20T15:54:45Z">
          <reporter-output>
          </reporter-output>
        </test-method> <!-- username -->
        <test-method status="PASS" signature="pwd()[pri:2, instance:Testcases.Homepageverification@19963d8]" name="pwd" duration-ms="97" started-at="2016-09-20T15:54:45Z" depends-on-methods="Testcases.Homepageverification.username" finished-at="2016-09-20T15:54:45Z">
          <reporter-output>
          </reporter-output>
        </test-method> <!-- pwd -->
        <test-method status="PASS" signature="submit()[pri:3, instance:Testcases.Homepageverification@19963d8]" name="submit" duration-ms="3031" started-at="2016-09-20T15:54:45Z" depends-on-methods="Testcases.Homepageverification.pwd, Testcases.Homepageverification.username" finished-at="2016-09-20T15:54:48Z">
          <reporter-output>
          </reporter-output>
        </test-method> <!-- submit -->
      </class> <!-- Testcases.Homepageverification -->
    </test> <!-- Default test -->
  </suite> <!-- Default suite -->
</testng-results>
