<?xml version="1.0" encoding="UTF-8"?>
<!-- Generated by org.testng.reporters.JUnitXMLReporter -->
<testsuite hostname="INHYDPGADEPALL2" name="Test" tests="4" failures="0" timestamp="16 Sep 2016 06:50:28 GMT" time="3.128" errors="0">
  <testcase name="testdata" time="0.01" classname="UnitTest.TestDatafactory"/>
  <testcase name="testiepath" time="0.0" classname="UnitTest.TestDatafactory"/>
  <testcase name="testchrome" time="3.098" classname="UnitTest.TestBrowserfactory"/>
  <testcase name="testie" time="0.0" classname="UnitTest.TestBrowserfactory"/>
</testsuite> <!-- Test -->
