<?xml version="1.0" encoding="UTF-8"?>
<!-- Generated by org.testng.reporters.JUnitXMLReporter -->
<testsuite hostname="INHYDPGADEPALL2" name="Default test" tests="4" failures="0" timestamp="20 Sep 2016 10:24:48 GMT" time="11.072" errors="0">
  <testcase name="invokebrowser" time="7.829" classname="Testcases.Homepageverification"/>
  <testcase name="username" time="0.102" classname="Testcases.Homepageverification"/>
  <testcase name="pwd" time="0.097" classname="Testcases.Homepageverification"/>
  <testcase name="submit" time="3.031" classname="Testcases.Homepageverification"/>
</testsuite> <!-- Default test -->
